Removed Pin From Net: NetName=GND Pin=C1-1
Removed Pin From Net: NetName=SIOD Pin=C1-2
Removed Pin From Net: NetName=HREF Pin=C1-3
Removed Pin From Net: NetName=XCLK Pin=C1-4
Removed Pin From Net: NetName=D8 Pin=C1-5
Removed Pin From Net: NetName=D6 Pin=C1-6
Removed Pin From Net: NetName=D4 Pin=C1-7
Removed Pin From Net: NetName=D2 Pin=C1-8
Removed Pin From Net: NetName=GND Pin=C1-9
Removed Pin From Net: NetName=RET Pin=C1-10
Removed Pin From Net: NetName=D3 Pin=C1-11
Removed Pin From Net: NetName=D5 Pin=C1-12
Removed Pin From Net: NetName=D7 Pin=C1-13
Removed Pin From Net: NetName=D9 Pin=C1-14
Removed Pin From Net: NetName=PCLK Pin=C1-15
Removed Pin From Net: NetName=SYNC Pin=C1-16
Removed Pin From Net: NetName=SIOC Pin=C1-17
Removed Pin From Net: NetName=+3.3V Pin=C1-18
Removed Pin From Net: NetName=+3.3V Pin=IC1-1
Removed Pin From Net: NetName=GND Pin=IC1-2
Removed Pin From Net: NetName=MPU_SCL Pin=IC1-3
Removed Pin From Net: NetName=MPU_SDA Pin=IC1-4
Removed Pin From Net: NetName=GND Pin=T1-1
Removed Pin From Net: NetName=SD_MI Pin=T1-2
Removed Pin From Net: NetName=SD_CK Pin=T1-3
Removed Pin From Net: NetName=SD_MO Pin=T1-4
Removed Pin From Net: NetName=SD_CS Pin=T1-5
Removed Pin From Net: NetName=+3.3V Pin=T1-6
Removed Member From Class: ClassName=AIRobot Member=IC1
Removed Member From Class: ClassName=AIRobot Member=T4
Change Component Designator: OldDesignator=C1 NewDesignator=C2
Change Component Designator: OldDesignator=C2 NewDesignator=C4
Change Component Designator: OldDesignator=C3 NewDesignator=C5
Change Component Designator: OldDesignator=C4 NewDesignator=C6
Change Component Designator: OldDesignator=C5 NewDesignator=C7
Change Component Designator: OldDesignator=C6 NewDesignator=C8
Change Component Designator: OldDesignator=C7 NewDesignator=C9
Change Component Designator: OldDesignator=T2 NewDesignator=T1
Change Component Designator: OldDesignator=T3 NewDesignator=T2
Change Component Designator: OldDesignator=T4 NewDesignator=T3
Added Component: Designator=C1(JP8-D1T)
Add component (AddParameter): Name = "ComponentLink1 Description"; Value = "Manufacturer"; VariantName = "[No Variations]"
Add component (AddParameter): Name = "ComponentLink1URL"; Value = "http://www.we-online.com"; VariantName = "[No Variations]"
Add component (AddParameter): Name = "ComponentLink2 Description"; Value = "Datasheet"; VariantName = "[No Variations]"
Add component (AddParameter): Name = "ComponentLink2URL"; Value = "http://katalog.we-online.de/em/datasheet/6130xx143121.pdf"; VariantName = "[No Variations]"
Add component (AddParameter): Name = "Created by"; Value = "Karrer Zheng"; VariantName = "[No Variations]"
Add component (AddParameter): Name = "Created Date"; Value = "29 March 2013"; VariantName = "[No Variations]"
Add component (AddParameter): Name = "Manufacturer"; Value = "W¨¹rth Elektronik eiSos GmbH"; VariantName = "[No Variations]"
Add component (AddParameter): Name = "NoPins"; Value = "08"; VariantName = "[No Variations]"
Add component (AddParameter): Name = "partNo"; Value = "613008143121"; VariantName = "[No Variations]"
Added Component: Designator=C3(JP6-D1T)
Add component (AddParameter): Name = "ComponentLink1 Description"; Value = "Manufacturer"; VariantName = "[No Variations]"
Add component (AddParameter): Name = "ComponentLink1URL"; Value = "http://www.we-online.com"; VariantName = "[No Variations]"
Add component (AddParameter): Name = "ComponentLink2 Description"; Value = "Datasheet"; VariantName = "[No Variations]"
Add component (AddParameter): Name = "ComponentLink2URL"; Value = "http://katalog.we-online.de/em/datasheet/6130xx143121.pdf"; VariantName = "[No Variations]"
Add component (AddParameter): Name = "Created by"; Value = "Karrer Zheng"; VariantName = "[No Variations]"
Add component (AddParameter): Name = "Created Date"; Value = "29 March 2013"; VariantName = "[No Variations]"
Add component (AddParameter): Name = "Manufacturer"; Value = "W¨¹rth Elektronik eiSos GmbH"; VariantName = "[No Variations]"
Add component (AddParameter): Name = "NoPins"; Value = "06"; VariantName = "[No Variations]"
Add component (AddParameter): Name = "partNo"; Value = "613006143121"; VariantName = "[No Variations]"
Added Pin To Net: NetName=+3.3V Pin=C1-1
Added Pin To Net: NetName=GND Pin=C1-2
Added Pin To Net: NetName=MPU_SCL Pin=C1-3
Added Pin To Net: NetName=MPU_SDA Pin=C1-4
Added Pin To Net: NetName=+3.3V Pin=C2-1
Added Pin To Net: NetName=SIOC Pin=C2-2
Added Pin To Net: NetName=SYNC Pin=C2-3
Added Pin To Net: NetName=PCLK Pin=C2-4
Added Pin To Net: NetName=D9 Pin=C2-5
Added Pin To Net: NetName=D7 Pin=C2-6
Added Pin To Net: NetName=D5 Pin=C2-7
Added Pin To Net: NetName=D3 Pin=C2-8
Added Pin To Net: NetName=RET Pin=C2-9
Added Pin To Net: NetName=GND Pin=C2-10
Added Pin To Net: NetName=D2 Pin=C2-11
Added Pin To Net: NetName=D4 Pin=C2-12
Added Pin To Net: NetName=D6 Pin=C2-13
Added Pin To Net: NetName=D8 Pin=C2-14
Added Pin To Net: NetName=XCLK Pin=C2-15
Added Pin To Net: NetName=HREF Pin=C2-16
Added Pin To Net: NetName=SIOD Pin=C2-17
Added Pin To Net: NetName=GND Pin=C2-18
Added Pin To Net: NetName=GND Pin=C3-1
Added Pin To Net: NetName=SD_MI Pin=C3-2
Added Pin To Net: NetName=SD_CK Pin=C3-3
Added Pin To Net: NetName=SD_MO Pin=C3-4
Added Pin To Net: NetName=SD_CS Pin=C3-5
Added Pin To Net: NetName=+3.3V Pin=C3-6
Added Member To Class: ClassName=AIRobot Member=Component C8 USB
Added Member To Class: ClassName=AIRobot Member=Component C9 SERVO
Added Room: Name=AIRobot
